# JRE version: Java(TM) SE Runtime Environment (8.0_144-b01) (build 1.8.0_144-b01)
# Java VM: Java HotSpot(TM) 64-Bit Server VM (25.144-b01 mixed mode windows-amd64 compressed oops)
Heap:
 PSYoungGen      total 317440K, used 177966K [0x00000000eb400000, 0x0000000100000000, 0x0000000100000000)
  eden space 305152K, 54% used [0x00000000eb400000,0x00000000f55d3470,0x00000000fde00000)
  from space 12288K, 99% used [0x00000000ff400000,0x00000000ffff83d0,0x0000000100000000)
  to   space 17408K, 0% used [0x00000000fde00000,0x00000000fde00000,0x00000000fef00000)
 ParOldGen       total 48640K, used 26443K [0x00000000c1c00000, 0x00000000c4b80000, 0x00000000eb400000)
  object space 48640K, 54% used [0x00000000c1c00000,0x00000000c35d2ee8,0x00000000c4b80000)
 Metaspace       used 47627K, capacity 50624K, committed 50728K, reserved 1093632K
  class space    used 6651K, capacity 7193K, committed 7208K, reserved 1048576K
GC Heap History (10 events):
Event: 11.554 GC heap before
{Heap before GC invocations=12 (full 1):
 PSYoungGen      total 205824K, used 203024K [0x00000000eb400000, 0x00000000f8800000, 0x0000000100000000)
  eden space 198656K, 100% used [0x00000000eb400000,0x00000000f7600000,0x00000000f7600000)
  from space 7168K, 60% used [0x00000000f8100000,0x00000000f8544250,0x00000000f8800000)
  to   space 9216K, 0% used [0x00000000f7600000,0x00000000f7600000,0x00000000f7f00000)
 ParOldGen       total 29184K, used 7471K [0x00000000c1c00000, 0x00000000c3880000, 0x00000000eb400000)
  object space 29184K, 25% used [0x00000000c1c00000,0x00000000c234bf60,0x00000000c3880000)
 Metaspace       used 25002K, capacity 26144K, committed 26240K, reserved 1071104K
  class space    used 3394K, capacity 3641K, committed 3712K, reserved 1048576K
Event: 11.561 GC heap after
Heap after GC invocations=12 (full 1):
 PSYoungGen      total 207872K, used 1743K [0x00000000eb400000, 0x00000000fe800000, 0x0000000100000000)
  eden space 198656K, 0% used [0x00000000eb400000,0x00000000eb400000,0x00000000f7600000)
  from space 9216K, 18% used [0x00000000f7600000,0x00000000f77b3df8,0x00000000f7f00000)
  to   space 9216K, 0% used [0x00000000fdf00000,0x00000000fdf00000,0x00000000fe800000)
 ParOldGen       total 29184K, used 11274K [0x00000000c1c00000, 0x00000000c3880000, 0x00000000eb400000)
  object space 29184K, 38% used [0x00000000c1c00000,0x00000000c2702b58,0x00000000c3880000)
 Metaspace       used 25002K, capacity 26144K, committed 26240K, reserved 1071104K
  class space    used 3394K, capacity 3641K, committed 3712K, reserved 1048576K
}
Event: 15.190 GC heap before
{Heap before GC invocations=13 (full 1):
 PSYoungGen      total 207872K, used 200399K [0x00000000eb400000, 0x00000000fe800000, 0x0000000100000000)
  eden space 198656K, 100% used [0x00000000eb400000,0x00000000f7600000,0x00000000f7600000)
  from space 9216K, 18% used [0x00000000f7600000,0x00000000f77b3df8,0x00000000f7f00000)
  to   space 9216K, 0% used [0x00000000fdf00000,0x00000000fdf00000,0x00000000fe800000)
 ParOldGen       total 29184K, used 11274K [0x00000000c1c00000, 0x00000000c3880000, 0x00000000eb400000)
  object space 29184K, 38% used [0x00000000c1c00000,0x00000000c2702b58,0x00000000c3880000)
 Metaspace       used 32098K, capacity 33862K, committed 34176K, reserved 1079296K
  class space    used 4373K, capacity 4695K, committed 4736K, reserved 1048576K
Event: 15.214 GC heap after
Heap after GC invocations=13 (full 1):
 PSYoungGen      total 301056K, used 9189K [0x00000000eb400000, 0x00000000fe900000, 0x0000000100000000)
  eden space 291840K, 0% used [0x00000000eb400000,0x00000000eb400000,0x00000000fd100000)
  from space 9216K, 99% used [0x00000000fdf00000,0x00000000fe7f9490,0x00000000fe800000)
  to   space 12288K, 0% used [0x00000000fd100000,0x00000000fd100000,0x00000000fdd00000)
 ParOldGen       total 29184K, used 16977K [0x00000000c1c00000, 0x00000000c3880000, 0x00000000eb400000)
  object space 29184K, 58% used [0x00000000c1c00000,0x00000000c2c94430,0x00000000c3880000)
 Metaspace       used 32098K, capacity 33862K, committed 34176K, reserved 1079296K
  class space    used 4373K, capacity 4695K, committed 4736K, reserved 1048576K
}
Event: 15.822 GC heap before
{Heap before GC invocations=14 (full 1):
 PSYoungGen      total 301056K, used 41311K [0x00000000eb400000, 0x00000000fe900000, 0x0000000100000000)
  eden space 291840K, 11% used [0x00000000eb400000,0x00000000ed35eb08,0x00000000fd100000)
  from space 9216K, 99% used [0x00000000fdf00000,0x00000000fe7f9490,0x00000000fe800000)
  to   space 12288K, 0% used [0x00000000fd100000,0x00000000fd100000,0x00000000fdd00000)
 ParOldGen       total 29184K, used 16977K [0x00000000c1c00000, 0x00000000c3880000, 0x00000000eb400000)
  object space 29184K, 58% used [0x00000000c1c00000,0x00000000c2c94430,0x00000000c3880000)
 Metaspace       used 33488K, capacity 35448K, committed 35496K, reserved 1079296K
  class space    used 4615K, capacity 5012K, committed 5032K, reserved 1048576K
Event: 15.872 GC heap after
Heap after GC invocations=14 (full 1):
 PSYoungGen      total 304128K, used 2247K [0x00000000eb400000, 0x0000000100000000, 0x0000000100000000)
  eden space 291840K, 0% used [0x00000000eb400000,0x00000000eb400000,0x00000000fd100000)
  from space 12288K, 18% used [0x00000000fd100000,0x00000000fd331e38,0x00000000fdd00000)
  to   space 12288K, 0% used [0x00000000ff400000,0x00000000ff400000,0x0000000100000000)
 ParOldGen       total 29184K, used 24715K [0x00000000c1c00000, 0x00000000c3880000, 0x00000000eb400000)
  object space 29184K, 84% used [0x00000000c1c00000,0x00000000c3422d50,0x00000000c3880000)
 Metaspace       used 33488K, capacity 35448K, committed 35496K, reserved 1079296K
  class space    used 4615K, capacity 5012K, committed 5032K, reserved 1048576K
}
Event: 15.872 GC heap before
{Heap before GC invocations=15 (full 2):
 PSYoungGen      total 304128K, used 2247K [0x00000000eb400000, 0x0000000100000000, 0x0000000100000000)
  eden space 291840K, 0% used [0x00000000eb400000,0x00000000eb400000,0x00000000fd100000)
  from space 12288K, 18% used [0x00000000fd100000,0x00000000fd331e38,0x00000000fdd00000)
  to   space 12288K, 0% used [0x00000000ff400000,0x00000000ff400000,0x0000000100000000)
 ParOldGen       total 29184K, used 24715K [0x00000000c1c00000, 0x00000000c3880000, 0x00000000eb400000)
  object space 29184K, 84% used [0x00000000c1c00000,0x00000000c3422d50,0x00000000c3880000)
 Metaspace       used 33488K, capacity 35448K, committed 35496K, reserved 1079296K
  class space    used 4615K, capacity 5012K, committed 5032K, reserved 1048576K
Event: 16.115 GC heap after
Heap after GC invocations=15 (full 2):
 PSYoungGen      total 304128K, used 0K [0x00000000eb400000, 0x0000000100000000, 0x0000000100000000)
  eden space 291840K, 0% used [0x00000000eb400000,0x00000000eb400000,0x00000000fd100000)
  from space 12288K, 0% used [0x00000000fd100000,0x00000000fd100000,0x00000000fdd00000)
  to   space 12288K, 0% used [0x00000000ff400000,0x00000000ff400000,0x0000000100000000)
 ParOldGen       total 48640K, used 18361K [0x00000000c1c00000, 0x00000000c4b80000, 0x00000000eb400000)
  object space 48640K, 37% used [0x00000000c1c00000,0x00000000c2dee590,0x00000000c4b80000)
 Metaspace       used 33488K, capacity 35448K, committed 35496K, reserved 1079296K
  class space    used 4615K, capacity 5012K, committed 5032K, reserved 1048576K
}
Event: 62.907 GC heap before
{Heap before GC invocations=16 (full 2):
 PSYoungGen      total 304128K, used 291840K [0x00000000eb400000, 0x0000000100000000, 0x0000000100000000)
  eden space 291840K, 100% used [0x00000000eb400000,0x00000000fd100000,0x00000000fd100000)
  from space 12288K, 0% used [0x00000000fd100000,0x00000000fd100000,0x00000000fdd00000)
  to   space 12288K, 0% used [0x00000000ff400000,0x00000000ff400000,0x0000000100000000)
 ParOldGen       total 48640K, used 18361K [0x00000000c1c00000, 0x00000000c4b80000, 0x00000000eb400000)
  object space 48640K, 37% used [0x00000000c1c00000,0x00000000c2dee590,0x00000000c4b80000)
 Metaspace       used 47374K, capacity 50362K, committed 50472K, reserved 1093632K
  class space    used 6619K, capacity 7152K, committed 7208K, reserved 1048576K
Event: 63.092 GC heap after
Heap after GC invocations=16 (full 2):
 PSYoungGen      total 317440K, used 12256K [0x00000000eb400000, 0x0000000100000000, 0x0000000100000000)
  eden space 305152K, 0% used [0x00000000eb400000,0x00000000eb400000,0x00000000fde00000)
  from space 12288K, 99% used [0x00000000ff400000,0x00000000ffff83d0,0x0000000100000000)
  to   space 17408K, 0% used [0x00000000fde00000,0x00000000fde00000,0x00000000fef00000)
 ParOldGen       total 48640K, used 26443K [0x00000000c1c00000, 0x00000000c4b80000, 0x00000000eb400000)
  object space 48640K, 54% used [0x00000000c1c00000,0x00000000c35d2ee8,0x00000000c4b80000)
 Metaspace       used 47374K, capacity 50362K, committed 50472K, reserved 1093632K
  class space    used 6619K, capacity 7152K, committed 7208K, reserved 1048576K
}

